<?xml version="1.0" encoding="UTF-8"?>
<robot generator="Robot 7.2.2 (Python 3.12.8 on darwin)" generated="2025-04-23T23:09:50.588532" rpa="false" schemaversion="5">
<suite id="s1" name="BasicSearch" source="/Users/SthernSmith/Downloads/mes_projets_github/robot_framework_automation/Tests/eBay/BasicSearch.robot">
<test id="s1-t1" name="Verify basic search functionality for eBay" line="9">
<kw name="Open Browser" owner="SeleniumLibrary">
<msg time="2025-04-23T23:09:50.825190" level="INFO">Opening browser 'Chrome' to base url 'https://www.ebay.fr/'.</msg>
<msg time="2025-04-23T23:09:51.021538" level="WARN">The chromedriver version (134.0.6998.88) detected in PATH at /usr/local/bin/chromedriver might not be compatible with the detected chrome version (135.0.7049.115); currently, chromedriver 135.0.7049.114 is recommended for chrome 135.*, so it is advised to delete the driver in PATH and retry</msg>
<arg>https://www.ebay.fr/</arg>
<arg>Chrome</arg>
<doc>Opens a new browser instance to the optional ``url``.</doc>
<status status="PASS" start="2025-04-23T23:09:50.824926" elapsed="3.913853"/>
</kw>
<kw name="Input Text" owner="SeleniumLibrary">
<msg time="2025-04-23T23:09:54.740766" level="INFO">Typing text 'Mobile' into text field '//input[@placeholder="Rechercher sur eBay"]'.</msg>
<arg>//input[@placeholder="Rechercher sur eBay"]</arg>
<arg>Mobile</arg>
<doc>Types the given ``text`` into the text field identified by ``locator``.</doc>
<status status="PASS" start="2025-04-23T23:09:54.739656" elapsed="0.262151"/>
</kw>
<kw name="Click Button" owner="SeleniumLibrary">
<msg time="2025-04-23T23:09:55.002856" level="INFO">Clicking button '//*[@id="gh-search-btn"]'.</msg>
<arg>//*[@id="gh-search-btn"]</arg>
<doc>Clicks the button identified by ``locator``.</doc>
<status status="PASS" start="2025-04-23T23:09:55.002383" elapsed="1.858624"/>
</kw>
<kw name="Page Should Contain" owner="SeleniumLibrary">
<msg time="2025-04-23T23:09:57.010813" level="INFO">Current page contains text 'smartphone'.</msg>
<arg>smartphone</arg>
<doc>Verifies that current page contains ``text``.</doc>
<status status="PASS" start="2025-04-23T23:09:56.861398" elapsed="0.149610"/>
</kw>
<doc>This test case verifies the basic search</doc>
<tag>Functional</tag>
<status status="PASS" start="2025-04-23T23:09:50.823504" elapsed="6.188097"/>
</test>
<doc>Basic Search functionality</doc>
<status status="PASS" start="2025-04-23T23:09:50.589879" elapsed="6.422866"/>
</suite>
<statistics>
<total>
<stat pass="1" fail="0" skip="0">All Tests</stat>
</total>
<tag>
<stat pass="1" fail="0" skip="0">Functional</stat>
</tag>
<suite>
<stat name="BasicSearch" id="s1" pass="1" fail="0" skip="0">BasicSearch</stat>
</suite>
</statistics>
<errors>
<msg time="2025-04-23T23:09:51.021538" level="WARN">The chromedriver version (134.0.6998.88) detected in PATH at /usr/local/bin/chromedriver might not be compatible with the detected chrome version (135.0.7049.115); currently, chromedriver 135.0.7049.114 is recommended for chrome 135.*, so it is advised to delete the driver in PATH and retry</msg>
</errors>
</robot>
